<?xml version="1.0" encoding="UTF-8"?>
<testng-results ignored="0" total="1" passed="1" failed="0" skipped="0">
  <reporter-output>
  </reporter-output>
  <suite started-at="2024-06-10T23:31:08 IST" name="Default suite" finished-at="2024-06-10T23:31:14 IST" duration-ms="5298">
    <groups>
    </groups>
    <test started-at="2024-06-10T23:31:08 IST" name="Default test" finished-at="2024-06-10T23:31:14 IST" duration-ms="5298">
      <class name="AutoCompleteExam.AutoCompleteExample">
        <test-method signature="test1()[pri:0, instance:AutoCompleteExam.AutoCompleteExample@18df8434]" started-at="2024-06-10T23:31:08 IST" name="test1" finished-at="2024-06-10T23:31:14 IST" duration-ms="5230" status="PASS">
          <reporter-output>
          </reporter-output>
        </test-method> <!-- test1 -->
      </class> <!-- AutoCompleteExam.AutoCompleteExample -->
    </test> <!-- Default test -->
  </suite> <!-- Default suite -->
</testng-results>
